Dec 08 06:21:50.772 INFO: manager: 1.2.2
Dec 08 06:21:50.772 INFO: manager: Copyright (C) 2003-2020, Noriaki Ando and OpenRTM development team,
Dec 08 06:21:50.772 INFO: manager:   Intelligent Systems Research Institute, AIST,
Dec 08 06:21:50.772 INFO: manager: Copyright (C) 2020, Noriaki Ando and OpenRTM development team,
Dec 08 06:21:50.772 INFO: manager:   Industrial Cyber-Physical Research Center, AIST,
Dec 08 06:21:50.772 INFO: manager:   All right reserved.
Dec 08 06:21:50.772 INFO: manager: Manager starting.
Dec 08 06:21:50.772 INFO: manager: Starting local logging.
Dec 08 06:21:50.775 WARNING: NamingOnCorba: No endpoint for the CORBA naming service (localhost) was found.
Dec 08 06:21:50.775 INFO: NamingManager: NameServer connection succeeded: corba/localhost
Dec 08 06:21:50.775 INFO: ManagerServant: Named manager reference (INS) was successfully created.
Dec 08 06:21:50.776 WARNING: ManagerServant: Master manager not found
Dec 08 06:21:50.776 INFO: LocalServiceAdmin: All the local services are enabled.
Dec 08 06:21:50.776 INFO: ec_base: setRate(1000000.000000) done
Dec 08 06:21:50.776 INFO: ec_base: setRate(1000.000000) done
Dec 08 06:21:50.776 INFO: HumanProtection0: 1 execution context was created.
Dec 08 06:21:50.777 INFO: HumanProtection0: Initial active configuration set is default.
Dec 08 06:21:58.291 WARNING: SdoServiceAdmin: No available SDO service in the factory: 
Dec 08 06:22:00.795 INFO: ManagerServant: Master manager not found
Dec 08 06:22:10.810 INFO: ManagerServant: Master manager not found
Dec 08 06:22:20.826 INFO: ManagerServant: Master manager not found
Dec 08 06:22:30.845 INFO: ManagerServant: Master manager not found
Dec 08 06:22:40.859 INFO: ManagerServant: Master manager not found
Dec 08 06:22:47.271 WARNING: ec_worker: ExecutionContext is already stopped.
Dec 08 06:22:47.271 ERROR: ec_base: Invoking on_shutdown() for each RTC failed.
