Dec 08 09:50:55.379 INFO: manager: 1.2.2
Dec 08 09:50:55.379 INFO: manager: Copyright (C) 2003-2020, Noriaki Ando and OpenRTM development team,
Dec 08 09:50:55.379 INFO: manager:   Intelligent Systems Research Institute, AIST,
Dec 08 09:50:55.379 INFO: manager: Copyright (C) 2020, Noriaki Ando and OpenRTM development team,
Dec 08 09:50:55.379 INFO: manager:   Industrial Cyber-Physical Research Center, AIST,
Dec 08 09:50:55.379 INFO: manager:   All right reserved.
Dec 08 09:50:55.379 INFO: manager: Manager starting.
Dec 08 09:50:55.379 INFO: manager: Starting local logging.
Dec 08 09:50:55.383 INFO: NamingManager: NameServer connection failed: corba/localhost
Dec 08 09:50:55.385 INFO: ManagerServant: Named manager reference (INS) was successfully created.
Dec 08 09:50:55.385 WARNING: ManagerServant: Master manager not found
Dec 08 09:50:55.386 INFO: LocalServiceAdmin: All the local services are enabled.
Dec 08 09:50:55.388 INFO: ec_base: setRate(1000000.000000) done
Dec 08 09:50:55.389 INFO: ec_base: setRate(1000.000000) done
Dec 08 09:50:55.389 INFO: HumanProtection0: 1 execution context was created.
Dec 08 09:50:55.389 INFO: HumanProtection0: Initial active configuration set is default.
Dec 08 09:51:05.398 INFO: NamingManager: NameServer connection failed: corba/localhost
Dec 08 09:51:05.399 INFO: ManagerServant: Master manager not found
Dec 08 09:51:11.091 ERROR: ec_worker: State of the RTC is not ACTIVE_STATE.
Dec 08 09:51:11.091 WARNING: ec_worker: ExecutionContext is already stopped.
Dec 08 09:51:11.091 ERROR: ec_base: Invoking on_shutdown() for each RTC failed.
