Dec 08 11:15:41.364 INFO: manager: 1.2.2
Dec 08 11:15:41.364 INFO: manager: Copyright (C) 2003-2020, Noriaki Ando and OpenRTM development team,
Dec 08 11:15:41.364 INFO: manager:   Intelligent Systems Research Institute, AIST,
Dec 08 11:15:41.364 INFO: manager: Copyright (C) 2020, Noriaki Ando and OpenRTM development team,
Dec 08 11:15:41.364 INFO: manager:   Industrial Cyber-Physical Research Center, AIST,
Dec 08 11:15:41.364 INFO: manager:   All right reserved.
Dec 08 11:15:41.364 INFO: manager: Manager starting.
Dec 08 11:15:41.364 INFO: manager: Starting local logging.
Dec 08 11:15:41.370 WARNING: NamingOnCorba: No endpoint for the CORBA naming service (localhost) was found.
Dec 08 11:15:41.370 INFO: NamingManager: NameServer connection succeeded: corba/localhost
Dec 08 11:15:41.370 INFO: ManagerServant: Named manager reference (INS) was successfully created.
Dec 08 11:15:41.370 WARNING: ManagerServant: Master manager not found
Dec 08 11:15:41.370 INFO: LocalServiceAdmin: All the local services are enabled.
Dec 08 11:15:41.372 INFO: ec_base: setRate(1000000.000000) done
Dec 08 11:15:41.372 INFO: ec_base: setRate(1000.000000) done
Dec 08 11:15:41.372 INFO: HumanProtection0: 1 execution context was created.
Dec 08 11:15:41.372 INFO: HumanProtection0: Initial active configuration set is default.
Dec 08 11:15:51.329 WARNING: SdoServiceAdmin: No available SDO service in the factory: 
Dec 08 11:15:51.392 INFO: ManagerServant: Master manager not found
Dec 08 11:16:01.423 INFO: ManagerServant: Master manager not found
Dec 08 11:16:11.438 INFO: ManagerServant: Master manager not found
Dec 08 11:16:21.453 INFO: ManagerServant: Master manager not found
Dec 08 11:16:31.469 INFO: ManagerServant: Master manager not found
Dec 08 11:16:41.486 INFO: ManagerServant: Master manager not found
Dec 08 11:16:51.501 INFO: ManagerServant: Master manager not found
Dec 08 11:17:01.518 INFO: ManagerServant: Master manager not found
Dec 08 11:17:11.534 INFO: ManagerServant: Master manager not found
Dec 08 11:17:21.550 INFO: ManagerServant: Master manager not found
Dec 08 11:17:31.564 INFO: ManagerServant: Master manager not found
Dec 08 11:17:41.578 INFO: ManagerServant: Master manager not found
Dec 08 11:17:51.592 INFO: ManagerServant: Master manager not found
Dec 08 11:18:01.609 INFO: ManagerServant: Master manager not found
Dec 08 11:18:11.624 INFO: ManagerServant: Master manager not found
Dec 08 11:18:21.638 INFO: ManagerServant: Master manager not found
Dec 08 11:18:31.652 INFO: ManagerServant: Master manager not found
Dec 08 11:18:41.667 INFO: ManagerServant: Master manager not found
Dec 08 11:18:51.682 INFO: ManagerServant: Master manager not found
Dec 08 11:19:01.696 INFO: ManagerServant: Master manager not found
Dec 08 11:19:11.710 INFO: ManagerServant: Master manager not found
Dec 08 11:19:21.724 INFO: ManagerServant: Master manager not found
Dec 08 11:19:31.738 INFO: ManagerServant: Master manager not found
Dec 08 11:19:41.753 INFO: ManagerServant: Master manager not found
Dec 08 11:19:51.769 INFO: ManagerServant: Master manager not found
Dec 08 11:20:01.784 INFO: ManagerServant: Master manager not found
Dec 08 11:20:11.799 INFO: ManagerServant: Master manager not found
Dec 08 11:20:21.814 INFO: ManagerServant: Master manager not found
Dec 08 11:20:31.829 INFO: ManagerServant: Master manager not found
Dec 08 11:20:41.844 INFO: ManagerServant: Master manager not found
Dec 08 11:20:51.859 INFO: ManagerServant: Master manager not found
Dec 08 11:21:01.874 INFO: ManagerServant: Master manager not found
Dec 08 11:21:11.889 INFO: ManagerServant: Master manager not found
Dec 08 11:21:21.904 INFO: ManagerServant: Master manager not found
Dec 08 11:21:31.920 INFO: ManagerServant: Master manager not found
Dec 08 11:21:41.934 INFO: ManagerServant: Master manager not found
Dec 08 11:21:51.947 INFO: ManagerServant: Master manager not found
Dec 08 11:22:01.961 INFO: ManagerServant: Master manager not found
Dec 08 11:22:11.974 INFO: ManagerServant: Master manager not found
Dec 08 11:22:21.989 INFO: ManagerServant: Master manager not found
Dec 08 11:22:32.003 INFO: ManagerServant: Master manager not found
Dec 08 11:22:42.016 INFO: ManagerServant: Master manager not found
Dec 08 11:22:52.031 INFO: ManagerServant: Master manager not found
Dec 08 11:23:02.047 INFO: ManagerServant: Master manager not found
Dec 08 11:23:12.062 INFO: ManagerServant: Master manager not found
Dec 08 11:23:22.077 INFO: ManagerServant: Master manager not found
Dec 08 11:23:32.091 INFO: ManagerServant: Master manager not found
Dec 08 11:23:42.106 INFO: ManagerServant: Master manager not found
Dec 08 11:23:52.121 INFO: ManagerServant: Master manager not found
Dec 08 11:24:02.136 INFO: ManagerServant: Master manager not found
Dec 08 11:24:12.163 INFO: ManagerServant: Master manager not found
Dec 08 11:24:22.202 INFO: ManagerServant: Master manager not found
Dec 08 11:24:32.237 INFO: ManagerServant: Master manager not found
Dec 08 11:24:42.275 INFO: ManagerServant: Master manager not found
Dec 08 11:24:52.313 INFO: ManagerServant: Master manager not found
Dec 08 11:25:02.352 INFO: ManagerServant: Master manager not found
Dec 08 11:25:12.391 INFO: ManagerServant: Master manager not found
Dec 08 11:25:22.431 INFO: ManagerServant: Master manager not found
Dec 08 11:25:32.464 INFO: ManagerServant: Master manager not found
Dec 08 11:25:42.495 INFO: ManagerServant: Master manager not found
Dec 08 11:25:52.526 INFO: ManagerServant: Master manager not found
Dec 08 11:26:02.561 INFO: ManagerServant: Master manager not found
Dec 08 11:26:12.591 INFO: ManagerServant: Master manager not found
Dec 08 11:26:22.625 INFO: ManagerServant: Master manager not found
Dec 08 11:26:32.653 INFO: ManagerServant: Master manager not found
Dec 08 11:26:42.684 INFO: ManagerServant: Master manager not found
Dec 08 11:26:52.722 INFO: ManagerServant: Master manager not found
Dec 08 11:27:02.761 INFO: ManagerServant: Master manager not found
Dec 08 11:27:12.798 INFO: ManagerServant: Master manager not found
Dec 08 11:27:22.831 INFO: ManagerServant: Master manager not found
Dec 08 11:27:32.864 INFO: ManagerServant: Master manager not found
Dec 08 11:27:42.898 INFO: ManagerServant: Master manager not found
Dec 08 11:27:52.925 INFO: ManagerServant: Master manager not found
Dec 08 11:28:02.953 INFO: ManagerServant: Master manager not found
Dec 08 11:28:12.979 INFO: ManagerServant: Master manager not found
Dec 08 11:28:23.002 INFO: ManagerServant: Master manager not found
Dec 08 11:28:33.022 INFO: ManagerServant: Master manager not found
Dec 08 11:28:43.040 INFO: ManagerServant: Master manager not found
Dec 08 11:28:53.056 INFO: ManagerServant: Master manager not found
Dec 08 11:29:03.073 INFO: ManagerServant: Master manager not found
Dec 08 11:29:13.100 INFO: ManagerServant: Master manager not found
Dec 08 11:29:23.123 INFO: ManagerServant: Master manager not found
Dec 08 11:29:33.146 INFO: ManagerServant: Master manager not found
Dec 08 11:29:43.169 INFO: ManagerServant: Master manager not found
Dec 08 11:29:53.200 INFO: ManagerServant: Master manager not found
Dec 08 11:30:03.224 INFO: ManagerServant: Master manager not found
Dec 08 11:30:13.250 INFO: ManagerServant: Master manager not found
Dec 08 11:30:23.275 INFO: ManagerServant: Master manager not found
Dec 08 11:30:33.296 INFO: ManagerServant: Master manager not found
Dec 08 11:30:43.314 INFO: ManagerServant: Master manager not found
Dec 08 11:30:53.333 INFO: ManagerServant: Master manager not found
Dec 08 11:31:03.360 INFO: ManagerServant: Master manager not found
Dec 08 11:31:13.392 INFO: ManagerServant: Master manager not found
Dec 08 11:31:23.425 INFO: ManagerServant: Master manager not found
Dec 08 11:31:33.457 INFO: ManagerServant: Master manager not found
Dec 08 11:31:43.481 INFO: ManagerServant: Master manager not found
Dec 08 11:31:53.511 INFO: ManagerServant: Master manager not found
Dec 08 11:32:03.534 INFO: ManagerServant: Master manager not found
Dec 08 11:32:13.558 INFO: ManagerServant: Master manager not found
Dec 08 11:32:23.587 INFO: ManagerServant: Master manager not found
Dec 08 11:32:33.612 INFO: ManagerServant: Master manager not found
Dec 08 11:32:43.638 INFO: ManagerServant: Master manager not found
Dec 08 11:32:53.661 INFO: ManagerServant: Master manager not found
Dec 08 11:33:03.685 INFO: ManagerServant: Master manager not found
Dec 08 11:33:13.715 INFO: ManagerServant: Master manager not found
Dec 08 11:33:23.734 INFO: ManagerServant: Master manager not found
Dec 08 11:33:33.762 INFO: ManagerServant: Master manager not found
Dec 08 11:33:43.784 INFO: ManagerServant: Master manager not found
Dec 08 11:33:53.810 INFO: ManagerServant: Master manager not found
Dec 08 11:34:03.841 INFO: ManagerServant: Master manager not found
Dec 08 11:34:13.875 INFO: ManagerServant: Master manager not found
Dec 08 11:34:23.903 INFO: ManagerServant: Master manager not found
Dec 08 11:34:33.930 INFO: ManagerServant: Master manager not found
Dec 08 11:34:43.961 INFO: ManagerServant: Master manager not found
Dec 08 11:34:53.996 INFO: ManagerServant: Master manager not found
Dec 08 11:35:04.018 INFO: ManagerServant: Master manager not found
Dec 08 11:35:14.044 INFO: ManagerServant: Master manager not found
Dec 08 11:35:24.068 INFO: ManagerServant: Master manager not found
Dec 08 11:35:34.090 INFO: ManagerServant: Master manager not found
Dec 08 11:35:44.111 INFO: ManagerServant: Master manager not found
Dec 08 11:35:54.131 INFO: ManagerServant: Master manager not found
Dec 08 11:36:04.158 INFO: ManagerServant: Master manager not found
Dec 08 11:36:14.190 INFO: ManagerServant: Master manager not found
Dec 08 11:36:24.218 INFO: ManagerServant: Master manager not found
Dec 08 11:36:34.248 INFO: ManagerServant: Master manager not found
Dec 08 11:36:44.280 INFO: ManagerServant: Master manager not found
Dec 08 11:36:54.316 INFO: ManagerServant: Master manager not found
Dec 08 11:37:04.347 INFO: ManagerServant: Master manager not found
Dec 08 11:37:14.372 INFO: ManagerServant: Master manager not found
Dec 08 11:37:24.397 INFO: ManagerServant: Master manager not found
Dec 08 11:37:34.425 INFO: ManagerServant: Master manager not found
Dec 08 11:37:44.456 INFO: ManagerServant: Master manager not found
Dec 08 11:37:54.490 INFO: ManagerServant: Master manager not found
Dec 08 11:38:04.519 INFO: ManagerServant: Master manager not found
Dec 08 11:38:14.553 INFO: ManagerServant: Master manager not found
Dec 08 11:38:24.586 INFO: ManagerServant: Master manager not found
Dec 08 11:38:34.606 INFO: ManagerServant: Master manager not found
Dec 08 11:38:44.633 INFO: ManagerServant: Master manager not found
Dec 08 11:38:54.661 INFO: ManagerServant: Master manager not found
Dec 08 11:39:04.688 INFO: ManagerServant: Master manager not found
Dec 08 11:39:14.709 INFO: ManagerServant: Master manager not found
Dec 08 11:39:24.736 INFO: ManagerServant: Master manager not found
Dec 08 11:39:34.766 INFO: ManagerServant: Master manager not found
Dec 08 11:39:44.798 INFO: ManagerServant: Master manager not found
Dec 08 11:39:54.831 INFO: ManagerServant: Master manager not found
Dec 08 11:40:04.862 INFO: ManagerServant: Master manager not found
Dec 08 11:40:14.888 INFO: ManagerServant: Master manager not found
Dec 08 11:40:24.927 INFO: ManagerServant: Master manager not found
Dec 08 11:40:34.960 INFO: ManagerServant: Master manager not found
Dec 08 11:40:44.985 INFO: ManagerServant: Master manager not found
Dec 08 11:40:55.017 INFO: ManagerServant: Master manager not found
Dec 08 11:41:05.042 INFO: ManagerServant: Master manager not found
Dec 08 11:41:15.069 INFO: ManagerServant: Master manager not found
Dec 08 11:41:25.095 INFO: ManagerServant: Master manager not found
Dec 08 11:41:35.118 INFO: ManagerServant: Master manager not found
Dec 08 11:41:45.142 INFO: ManagerServant: Master manager not found
Dec 08 11:41:55.165 INFO: ManagerServant: Master manager not found
Dec 08 11:42:05.187 INFO: ManagerServant: Master manager not found
Dec 08 11:42:15.210 INFO: ManagerServant: Master manager not found
Dec 08 11:42:25.234 INFO: ManagerServant: Master manager not found
Dec 08 11:42:35.258 INFO: ManagerServant: Master manager not found
Dec 08 11:42:45.279 INFO: ManagerServant: Master manager not found
Dec 08 11:42:55.303 INFO: ManagerServant: Master manager not found
Dec 08 11:43:05.327 INFO: ManagerServant: Master manager not found
Dec 08 11:43:15.353 INFO: ManagerServant: Master manager not found
Dec 08 11:43:25.381 INFO: ManagerServant: Master manager not found
Dec 08 11:43:35.407 INFO: ManagerServant: Master manager not found
Dec 08 11:43:45.432 INFO: ManagerServant: Master manager not found
Dec 08 11:43:55.460 INFO: ManagerServant: Master manager not found
Dec 08 11:44:05.486 INFO: ManagerServant: Master manager not found
Dec 08 11:44:15.510 INFO: ManagerServant: Master manager not found
Dec 08 11:44:25.537 INFO: ManagerServant: Master manager not found
Dec 08 11:44:35.563 INFO: ManagerServant: Master manager not found
Dec 08 11:44:45.587 INFO: ManagerServant: Master manager not found
Dec 08 11:44:55.614 INFO: ManagerServant: Master manager not found
Dec 08 11:45:05.638 INFO: ManagerServant: Master manager not found
Dec 08 11:45:15.661 INFO: ManagerServant: Master manager not found
Dec 08 11:45:25.685 INFO: ManagerServant: Master manager not found
Dec 08 11:45:35.711 INFO: ManagerServant: Master manager not found
Dec 08 11:45:45.737 INFO: ManagerServant: Master manager not found
Dec 08 11:45:55.765 INFO: ManagerServant: Master manager not found
Dec 08 11:46:05.788 INFO: ManagerServant: Master manager not found
Dec 08 11:46:15.812 INFO: ManagerServant: Master manager not found
Dec 08 11:46:25.839 INFO: ManagerServant: Master manager not found
Dec 08 11:46:35.872 INFO: ManagerServant: Master manager not found
Dec 08 11:46:45.903 INFO: ManagerServant: Master manager not found
Dec 08 11:46:55.932 INFO: ManagerServant: Master manager not found
Dec 08 11:47:05.957 INFO: ManagerServant: Master manager not found
Dec 08 11:47:15.994 INFO: ManagerServant: Master manager not found
Dec 08 11:47:26.031 INFO: ManagerServant: Master manager not found
Dec 08 11:47:36.068 INFO: ManagerServant: Master manager not found
Dec 08 11:47:46.105 INFO: ManagerServant: Master manager not found
Dec 08 11:47:56.148 INFO: ManagerServant: Master manager not found
Dec 08 11:48:06.173 INFO: ManagerServant: Master manager not found
Dec 08 11:48:16.195 INFO: ManagerServant: Master manager not found
Dec 08 11:48:26.221 INFO: ManagerServant: Master manager not found
Dec 08 11:48:36.245 INFO: ManagerServant: Master manager not found
Dec 08 11:48:46.275 INFO: ManagerServant: Master manager not found
Dec 08 11:48:56.301 INFO: ManagerServant: Master manager not found
Dec 08 11:49:06.327 INFO: ManagerServant: Master manager not found
Dec 08 11:49:16.353 INFO: ManagerServant: Master manager not found
Dec 08 11:49:26.380 INFO: ManagerServant: Master manager not found
Dec 08 11:49:36.404 INFO: ManagerServant: Master manager not found
Dec 08 11:49:46.425 INFO: ManagerServant: Master manager not found
Dec 08 11:49:56.448 INFO: ManagerServant: Master manager not found
Dec 08 11:50:06.475 INFO: ManagerServant: Master manager not found
Dec 08 11:50:16.501 INFO: ManagerServant: Master manager not found
Dec 08 11:50:26.523 INFO: ManagerServant: Master manager not found
Dec 08 11:50:36.549 INFO: ManagerServant: Master manager not found
Dec 08 11:50:46.570 INFO: ManagerServant: Master manager not found
Dec 08 11:50:56.596 INFO: ManagerServant: Master manager not found
Dec 08 11:51:06.623 INFO: ManagerServant: Master manager not found
Dec 08 11:51:16.649 INFO: ManagerServant: Master manager not found
Dec 08 11:51:26.670 INFO: ManagerServant: Master manager not found
Dec 08 11:51:36.701 INFO: ManagerServant: Master manager not found
Dec 08 11:51:46.741 INFO: ManagerServant: Master manager not found
Dec 08 11:51:56.775 INFO: ManagerServant: Master manager not found
Dec 08 11:52:06.817 INFO: ManagerServant: Master manager not found
Dec 08 11:52:16.850 INFO: ManagerServant: Master manager not found
Dec 08 11:52:26.887 INFO: ManagerServant: Master manager not found
Dec 08 11:52:36.918 INFO: ManagerServant: Master manager not found
Dec 08 11:52:46.948 INFO: ManagerServant: Master manager not found
Dec 08 11:52:56.987 INFO: ManagerServant: Master manager not found
Dec 08 11:53:07.026 INFO: ManagerServant: Master manager not found
Dec 08 11:53:17.064 INFO: ManagerServant: Master manager not found
Dec 08 11:53:27.103 INFO: ManagerServant: Master manager not found
Dec 08 11:53:37.140 INFO: ManagerServant: Master manager not found
Dec 08 11:53:47.179 INFO: ManagerServant: Master manager not found
Dec 08 11:53:57.213 INFO: ManagerServant: Master manager not found
Dec 08 11:54:07.243 INFO: ManagerServant: Master manager not found
Dec 08 11:54:17.273 INFO: ManagerServant: Master manager not found
Dec 08 11:54:27.295 INFO: ManagerServant: Master manager not found
Dec 08 11:54:37.324 INFO: ManagerServant: Master manager not found
Dec 08 11:54:47.354 INFO: ManagerServant: Master manager not found
Dec 08 11:54:57.373 INFO: ManagerServant: Master manager not found
Dec 08 11:55:07.401 INFO: ManagerServant: Master manager not found
Dec 08 11:55:17.431 INFO: ManagerServant: Master manager not found
Dec 08 11:55:27.459 INFO: ManagerServant: Master manager not found
Dec 08 11:55:37.486 INFO: ManagerServant: Master manager not found
Dec 08 11:55:47.512 INFO: ManagerServant: Master manager not found
Dec 08 11:55:57.543 INFO: ManagerServant: Master manager not found
Dec 08 11:56:07.569 INFO: ManagerServant: Master manager not found
Dec 08 11:56:17.600 INFO: ManagerServant: Master manager not found
Dec 08 11:56:27.631 INFO: ManagerServant: Master manager not found
Dec 08 11:56:37.661 INFO: ManagerServant: Master manager not found
Dec 08 11:56:47.692 INFO: ManagerServant: Master manager not found
Dec 08 11:56:57.724 INFO: ManagerServant: Master manager not found
Dec 08 11:57:07.748 INFO: ManagerServant: Master manager not found
Dec 08 11:57:17.780 INFO: ManagerServant: Master manager not found
Dec 08 11:57:27.815 INFO: ManagerServant: Master manager not found
Dec 08 11:57:37.845 INFO: ManagerServant: Master manager not found
Dec 08 11:57:47.871 INFO: ManagerServant: Master manager not found
Dec 08 11:57:57.900 INFO: ManagerServant: Master manager not found
Dec 08 11:58:07.927 INFO: ManagerServant: Master manager not found
Dec 08 11:58:17.954 INFO: ManagerServant: Master manager not found
Dec 08 11:58:27.983 INFO: ManagerServant: Master manager not found
Dec 08 11:58:38.009 INFO: ManagerServant: Master manager not found
Dec 08 11:58:48.037 INFO: ManagerServant: Master manager not found
Dec 08 11:58:58.063 INFO: ManagerServant: Master manager not found
Dec 08 11:59:08.090 INFO: ManagerServant: Master manager not found
Dec 08 11:59:18.112 INFO: ManagerServant: Master manager not found
Dec 08 11:59:28.137 INFO: ManagerServant: Master manager not found
Dec 08 11:59:38.162 INFO: ManagerServant: Master manager not found
Dec 08 11:59:48.181 INFO: ManagerServant: Master manager not found
Dec 08 11:59:58.201 INFO: ManagerServant: Master manager not found
Dec 08 12:00:08.230 INFO: ManagerServant: Master manager not found
Dec 08 12:00:18.253 INFO: ManagerServant: Master manager not found
Dec 08 12:00:28.283 INFO: ManagerServant: Master manager not found
Dec 08 12:00:38.317 INFO: ManagerServant: Master manager not found
Dec 08 12:00:48.357 INFO: ManagerServant: Master manager not found
Dec 08 12:00:58.386 INFO: ManagerServant: Master manager not found
Dec 08 12:01:08.407 INFO: ManagerServant: Master manager not found
Dec 08 12:01:18.438 INFO: ManagerServant: Master manager not found
Dec 08 12:01:28.481 INFO: ManagerServant: Master manager not found
Dec 08 12:01:38.519 INFO: ManagerServant: Master manager not found
Dec 08 12:01:48.548 INFO: ManagerServant: Master manager not found
Dec 08 12:01:58.579 INFO: ManagerServant: Master manager not found
Dec 08 12:02:08.609 INFO: ManagerServant: Master manager not found
Dec 08 12:02:18.640 INFO: ManagerServant: Master manager not found
Dec 08 12:02:28.670 INFO: ManagerServant: Master manager not found
Dec 08 12:02:38.702 INFO: ManagerServant: Master manager not found
Dec 08 12:02:48.735 INFO: ManagerServant: Master manager not found
Dec 08 12:02:58.777 INFO: ManagerServant: Master manager not found
Dec 08 12:03:08.808 INFO: ManagerServant: Master manager not found
Dec 08 12:03:18.834 INFO: ManagerServant: Master manager not found
Dec 08 12:03:28.855 INFO: ManagerServant: Master manager not found
Dec 08 12:03:38.892 INFO: ManagerServant: Master manager not found
Dec 08 12:03:48.933 INFO: ManagerServant: Master manager not found
Dec 08 12:03:58.975 INFO: ManagerServant: Master manager not found
Dec 08 12:04:09.008 INFO: ManagerServant: Master manager not found
Dec 08 12:04:19.044 INFO: ManagerServant: Master manager not found
Dec 08 12:04:29.077 INFO: ManagerServant: Master manager not found
Dec 08 12:04:39.107 INFO: ManagerServant: Master manager not found
Dec 08 12:04:49.142 INFO: ManagerServant: Master manager not found
Dec 08 12:04:59.174 INFO: ManagerServant: Master manager not found
Dec 08 12:05:09.208 INFO: ManagerServant: Master manager not found
Dec 08 12:05:19.244 INFO: ManagerServant: Master manager not found
Dec 08 12:05:29.264 INFO: ManagerServant: Master manager not found
Dec 08 12:05:39.292 INFO: ManagerServant: Master manager not found
Dec 08 12:05:49.318 INFO: ManagerServant: Master manager not found
Dec 08 12:05:59.344 INFO: ManagerServant: Master manager not found
Dec 08 12:06:09.378 INFO: ManagerServant: Master manager not found
Dec 08 12:06:19.406 INFO: ManagerServant: Master manager not found
Dec 08 12:06:29.428 INFO: ManagerServant: Master manager not found
Dec 08 12:06:39.463 INFO: ManagerServant: Master manager not found
Dec 08 12:06:49.488 INFO: ManagerServant: Master manager not found
Dec 08 12:06:59.519 INFO: ManagerServant: Master manager not found
Dec 08 12:07:09.557 INFO: ManagerServant: Master manager not found
Dec 08 12:07:19.579 INFO: ManagerServant: Master manager not found
Dec 08 12:07:29.611 INFO: ManagerServant: Master manager not found
Dec 08 12:07:39.645 INFO: ManagerServant: Master manager not found
Dec 08 12:07:49.675 INFO: ManagerServant: Master manager not found
Dec 08 12:07:59.703 INFO: ManagerServant: Master manager not found
Dec 08 12:08:09.739 INFO: ManagerServant: Master manager not found
Dec 08 12:08:19.770 INFO: ManagerServant: Master manager not found
Dec 08 12:08:29.811 INFO: ManagerServant: Master manager not found
Dec 08 12:08:39.850 INFO: ManagerServant: Master manager not found
Dec 08 12:08:49.882 INFO: ManagerServant: Master manager not found
Dec 08 12:08:59.910 INFO: ManagerServant: Master manager not found
Dec 08 12:09:09.944 INFO: ManagerServant: Master manager not found
Dec 08 12:09:19.985 INFO: ManagerServant: Master manager not found
Dec 08 12:09:30.024 INFO: ManagerServant: Master manager not found
Dec 08 12:09:40.064 INFO: ManagerServant: Master manager not found
Dec 08 12:09:50.103 INFO: ManagerServant: Master manager not found
Dec 08 12:10:00.136 INFO: ManagerServant: Master manager not found
Dec 08 12:10:10.161 INFO: ManagerServant: Master manager not found
Dec 08 12:10:20.180 INFO: ManagerServant: Master manager not found
Dec 08 12:10:30.208 INFO: ManagerServant: Master manager not found
Dec 08 12:10:40.238 INFO: ManagerServant: Master manager not found
Dec 08 12:10:50.261 INFO: ManagerServant: Master manager not found
Dec 08 12:11:00.293 INFO: ManagerServant: Master manager not found
Dec 08 12:11:10.329 INFO: ManagerServant: Master manager not found
Dec 08 12:11:20.369 INFO: ManagerServant: Master manager not found
Dec 08 12:11:30.403 INFO: ManagerServant: Master manager not found
Dec 08 12:11:40.427 INFO: ManagerServant: Master manager not found
Dec 08 12:11:50.452 INFO: ManagerServant: Master manager not found
Dec 08 12:12:00.476 INFO: ManagerServant: Master manager not found
Dec 08 12:12:10.505 INFO: ManagerServant: Master manager not found
Dec 08 12:12:20.526 INFO: ManagerServant: Master manager not found
Dec 08 12:12:30.548 INFO: ManagerServant: Master manager not found
Dec 08 12:12:40.575 INFO: ManagerServant: Master manager not found
Dec 08 12:12:50.601 INFO: ManagerServant: Master manager not found
Dec 08 12:13:00.638 INFO: ManagerServant: Master manager not found
Dec 08 12:13:10.672 INFO: ManagerServant: Master manager not found
Dec 08 12:13:20.693 INFO: ManagerServant: Master manager not found
Dec 08 12:13:30.725 INFO: ManagerServant: Master manager not found
Dec 08 12:13:40.761 INFO: ManagerServant: Master manager not found
Dec 08 12:13:50.798 INFO: ManagerServant: Master manager not found
Dec 08 12:14:00.836 INFO: ManagerServant: Master manager not found
Dec 08 12:14:10.872 INFO: ManagerServant: Master manager not found
Dec 08 12:14:20.902 INFO: ManagerServant: Master manager not found
Dec 08 12:14:30.925 INFO: ManagerServant: Master manager not found
Dec 08 12:14:40.946 INFO: ManagerServant: Master manager not found
Dec 08 12:14:50.974 INFO: ManagerServant: Master manager not found
Dec 08 12:15:00.994 INFO: ManagerServant: Master manager not found
Dec 08 12:15:11.025 INFO: ManagerServant: Master manager not found
Dec 08 12:15:21.051 INFO: ManagerServant: Master manager not found
Dec 08 12:15:31.081 INFO: ManagerServant: Master manager not found
Dec 08 12:15:41.117 INFO: ManagerServant: Master manager not found
Dec 08 12:15:51.149 INFO: ManagerServant: Master manager not found
Dec 08 12:16:01.185 INFO: ManagerServant: Master manager not found
Dec 08 12:16:11.219 INFO: ManagerServant: Master manager not found
Dec 08 12:16:21.246 INFO: ManagerServant: Master manager not found
Dec 08 12:16:31.270 INFO: ManagerServant: Master manager not found
Dec 08 12:16:41.297 INFO: ManagerServant: Master manager not found
Dec 08 12:16:51.332 INFO: ManagerServant: Master manager not found
Dec 08 12:17:01.370 INFO: ManagerServant: Master manager not found
Dec 08 12:17:11.409 INFO: ManagerServant: Master manager not found
Dec 08 12:17:21.438 INFO: ManagerServant: Master manager not found
Dec 08 12:17:31.461 INFO: ManagerServant: Master manager not found
Dec 08 12:17:41.493 INFO: ManagerServant: Master manager not found
Dec 08 12:17:51.525 INFO: ManagerServant: Master manager not found
Dec 08 12:18:01.565 INFO: ManagerServant: Master manager not found
Dec 08 12:18:11.600 INFO: ManagerServant: Master manager not found
Dec 08 12:18:21.638 INFO: ManagerServant: Master manager not found
Dec 08 12:18:31.677 INFO: ManagerServant: Master manager not found
Dec 08 12:18:41.709 INFO: ManagerServant: Master manager not found
Dec 08 12:18:51.745 INFO: ManagerServant: Master manager not found
Dec 08 12:19:01.781 INFO: ManagerServant: Master manager not found
Dec 08 12:19:11.815 INFO: ManagerServant: Master manager not found
Dec 08 12:19:21.845 INFO: ManagerServant: Master manager not found
Dec 08 12:19:31.871 INFO: ManagerServant: Master manager not found
Dec 08 12:19:41.901 INFO: ManagerServant: Master manager not found
Dec 08 12:19:51.929 INFO: ManagerServant: Master manager not found
Dec 08 12:20:01.963 INFO: ManagerServant: Master manager not found
Dec 08 12:20:11.985 INFO: ManagerServant: Master manager not found
Dec 08 12:20:22.005 INFO: ManagerServant: Master manager not found
Dec 08 12:20:32.037 INFO: ManagerServant: Master manager not found
Dec 08 12:20:42.071 INFO: ManagerServant: Master manager not found
Dec 08 12:20:52.101 INFO: ManagerServant: Master manager not found
Dec 08 12:21:02.137 INFO: ManagerServant: Master manager not found
Dec 08 12:21:12.175 INFO: ManagerServant: Master manager not found
Dec 08 12:21:22.204 INFO: ManagerServant: Master manager not found
Dec 08 12:21:32.234 INFO: ManagerServant: Master manager not found
Dec 08 12:21:42.266 INFO: ManagerServant: Master manager not found
Dec 08 12:21:52.291 INFO: ManagerServant: Master manager not found
Dec 08 12:22:02.319 INFO: ManagerServant: Master manager not found
Dec 08 12:22:12.345 INFO: ManagerServant: Master manager not found
Dec 08 12:22:22.373 INFO: ManagerServant: Master manager not found
Dec 08 12:22:32.400 INFO: ManagerServant: Master manager not found
Dec 08 12:22:42.432 INFO: ManagerServant: Master manager not found
Dec 08 12:22:52.463 INFO: ManagerServant: Master manager not found
Dec 08 12:23:02.490 INFO: ManagerServant: Master manager not found
Dec 08 12:23:12.522 INFO: ManagerServant: Master manager not found
Dec 08 12:23:22.552 INFO: ManagerServant: Master manager not found
Dec 08 12:23:32.575 INFO: ManagerServant: Master manager not found
Dec 08 12:23:42.605 INFO: ManagerServant: Master manager not found
Dec 08 12:23:52.641 INFO: ManagerServant: Master manager not found
Dec 08 12:24:02.679 INFO: ManagerServant: Master manager not found
Dec 08 12:24:12.711 INFO: ManagerServant: Master manager not found
Dec 08 12:24:22.739 INFO: ManagerServant: Master manager not found
Dec 08 12:24:32.773 INFO: ManagerServant: Master manager not found
Dec 08 12:24:42.805 INFO: ManagerServant: Master manager not found
Dec 08 12:24:52.839 INFO: ManagerServant: Master manager not found
Dec 08 12:25:02.858 INFO: ManagerServant: Master manager not found
Dec 08 12:25:12.886 INFO: ManagerServant: Master manager not found
Dec 08 12:25:22.914 INFO: ManagerServant: Master manager not found
Dec 08 12:25:32.951 INFO: ManagerServant: Master manager not found
Dec 08 12:25:42.989 INFO: ManagerServant: Master manager not found
Dec 08 12:25:53.026 INFO: ManagerServant: Master manager not found
Dec 08 12:26:03.059 INFO: ManagerServant: Master manager not found
Dec 08 12:26:13.091 INFO: ManagerServant: Master manager not found
Dec 08 12:26:23.124 INFO: ManagerServant: Master manager not found
Dec 08 12:26:33.158 INFO: ManagerServant: Master manager not found
Dec 08 12:26:43.186 INFO: ManagerServant: Master manager not found
Dec 08 12:26:53.225 INFO: ManagerServant: Master manager not found
Dec 08 12:27:03.261 INFO: ManagerServant: Master manager not found
Dec 08 12:27:13.293 INFO: ManagerServant: Master manager not found
Dec 08 12:27:23.322 INFO: ManagerServant: Master manager not found
Dec 08 12:27:33.349 INFO: ManagerServant: Master manager not found
Dec 08 12:27:43.383 INFO: ManagerServant: Master manager not found
Dec 08 12:27:53.416 INFO: ManagerServant: Master manager not found
Dec 08 12:28:03.441 INFO: ManagerServant: Master manager not found
Dec 08 12:28:13.472 INFO: ManagerServant: Master manager not found
Dec 08 12:28:23.504 INFO: ManagerServant: Master manager not found
Dec 08 12:28:33.544 INFO: ManagerServant: Master manager not found
Dec 08 12:28:43.581 INFO: ManagerServant: Master manager not found
Dec 08 12:28:53.615 INFO: ManagerServant: Master manager not found
Dec 08 12:29:03.651 INFO: ManagerServant: Master manager not found
Dec 08 12:29:13.688 INFO: ManagerServant: Master manager not found
Dec 08 12:29:23.727 INFO: ManagerServant: Master manager not found
Dec 08 12:29:33.762 INFO: ManagerServant: Master manager not found
Dec 08 12:29:43.797 INFO: ManagerServant: Master manager not found
Dec 08 12:29:53.836 INFO: ManagerServant: Master manager not found
Dec 08 12:30:03.873 INFO: ManagerServant: Master manager not found
Dec 08 12:30:13.905 INFO: ManagerServant: Master manager not found
Dec 08 12:30:23.944 INFO: ManagerServant: Master manager not found
Dec 08 12:30:33.983 INFO: ManagerServant: Master manager not found
Dec 08 12:30:44.013 INFO: ManagerServant: Master manager not found
Dec 08 12:30:54.033 INFO: ManagerServant: Master manager not found
Dec 08 12:31:04.063 INFO: ManagerServant: Master manager not found
Dec 08 12:31:14.094 INFO: ManagerServant: Master manager not found
Dec 08 12:31:24.112 INFO: ManagerServant: Master manager not found
Dec 08 12:31:34.129 INFO: ManagerServant: Master manager not found
Dec 08 12:31:44.145 INFO: ManagerServant: Master manager not found
Dec 08 12:31:54.163 INFO: ManagerServant: Master manager not found
Dec 08 12:32:04.184 INFO: ManagerServant: Master manager not found
Dec 08 12:32:14.212 INFO: ManagerServant: Master manager not found
Dec 08 12:32:24.247 INFO: ManagerServant: Master manager not found
Dec 08 12:32:34.282 INFO: ManagerServant: Master manager not found
Dec 08 12:32:44.317 INFO: ManagerServant: Master manager not found
Dec 08 12:32:54.343 INFO: ManagerServant: Master manager not found
Dec 08 12:33:04.380 INFO: ManagerServant: Master manager not found
Dec 08 12:33:14.416 INFO: ManagerServant: Master manager not found
Dec 08 12:33:24.450 INFO: ManagerServant: Master manager not found
Dec 08 12:33:34.486 INFO: ManagerServant: Master manager not found
Dec 08 12:33:44.524 INFO: ManagerServant: Master manager not found
Dec 08 12:33:54.553 INFO: ManagerServant: Master manager not found
Dec 08 12:34:04.585 INFO: ManagerServant: Master manager not found
Dec 08 12:34:14.610 INFO: ManagerServant: Master manager not found
Dec 08 12:34:24.631 INFO: ManagerServant: Master manager not found
Dec 08 12:34:34.668 INFO: ManagerServant: Master manager not found
Dec 08 12:34:44.704 INFO: ManagerServant: Master manager not found
Dec 08 12:34:54.739 INFO: ManagerServant: Master manager not found
Dec 08 12:35:04.774 INFO: ManagerServant: Master manager not found
Dec 08 12:35:14.815 INFO: ManagerServant: Master manager not found
Dec 08 12:35:24.855 INFO: ManagerServant: Master manager not found
Dec 08 12:35:34.891 INFO: ManagerServant: Master manager not found
Dec 08 12:35:44.920 INFO: ManagerServant: Master manager not found
Dec 08 12:35:54.940 INFO: ManagerServant: Master manager not found
Dec 08 12:36:04.970 INFO: ManagerServant: Master manager not found
Dec 08 12:36:14.992 INFO: ManagerServant: Master manager not found
Dec 08 12:36:25.019 INFO: ManagerServant: Master manager not found
Dec 08 12:36:35.050 INFO: ManagerServant: Master manager not found
Dec 08 12:36:45.086 INFO: ManagerServant: Master manager not found
Dec 08 12:36:55.121 INFO: ManagerServant: Master manager not found
Dec 08 12:37:05.151 INFO: ManagerServant: Master manager not found
Dec 08 12:37:15.175 INFO: ManagerServant: Master manager not found
Dec 08 12:37:25.198 INFO: ManagerServant: Master manager not found
Dec 08 12:37:35.218 INFO: ManagerServant: Master manager not found
Dec 08 12:37:45.238 INFO: ManagerServant: Master manager not found
Dec 08 12:37:55.267 INFO: ManagerServant: Master manager not found
Dec 08 12:38:05.292 INFO: ManagerServant: Master manager not found
Dec 08 12:38:15.318 INFO: ManagerServant: Master manager not found
Dec 08 12:38:25.342 INFO: ManagerServant: Master manager not found
Dec 08 12:38:35.367 INFO: ManagerServant: Master manager not found
Dec 08 12:38:45.400 INFO: ManagerServant: Master manager not found
Dec 08 12:38:55.431 INFO: ManagerServant: Master manager not found
Dec 08 12:39:05.459 INFO: ManagerServant: Master manager not found
Dec 08 12:39:15.497 INFO: ManagerServant: Master manager not found
Dec 08 12:39:25.526 INFO: ManagerServant: Master manager not found
Dec 08 12:39:35.556 INFO: ManagerServant: Master manager not found
Dec 08 12:39:45.591 INFO: ManagerServant: Master manager not found
Dec 08 12:39:55.625 INFO: ManagerServant: Master manager not found
Dec 08 12:40:05.659 INFO: ManagerServant: Master manager not found
Dec 08 12:40:15.691 INFO: ManagerServant: Master manager not found
Dec 08 12:40:25.724 INFO: ManagerServant: Master manager not found
Dec 08 12:40:35.754 INFO: ManagerServant: Master manager not found
Dec 08 12:40:45.784 INFO: ManagerServant: Master manager not found
Dec 08 12:40:55.816 INFO: ManagerServant: Master manager not found
Dec 08 12:41:05.852 INFO: ManagerServant: Master manager not found
Dec 08 12:41:15.890 INFO: ManagerServant: Master manager not found
Dec 08 12:41:25.919 INFO: ManagerServant: Master manager not found
Dec 08 12:41:35.956 INFO: ManagerServant: Master manager not found
Dec 08 12:41:45.989 INFO: ManagerServant: Master manager not found
Dec 08 12:41:56.021 INFO: ManagerServant: Master manager not found
Dec 08 12:42:06.044 INFO: ManagerServant: Master manager not found
Dec 08 12:42:16.073 INFO: ManagerServant: Master manager not found
Dec 08 12:42:26.111 INFO: ManagerServant: Master manager not found
Dec 08 12:42:36.149 INFO: ManagerServant: Master manager not found
Dec 08 12:42:46.187 INFO: ManagerServant: Master manager not found
Dec 08 12:42:56.218 INFO: ManagerServant: Master manager not found
Dec 08 12:43:06.254 INFO: ManagerServant: Master manager not found
Dec 08 12:43:16.283 INFO: ManagerServant: Master manager not found
Dec 08 12:43:26.309 INFO: ManagerServant: Master manager not found
Dec 08 12:43:36.340 INFO: ManagerServant: Master manager not found
Dec 08 12:43:46.372 INFO: ManagerServant: Master manager not found
Dec 08 12:43:56.406 INFO: ManagerServant: Master manager not found
Dec 08 12:44:06.443 INFO: ManagerServant: Master manager not found
Dec 08 12:44:16.477 INFO: ManagerServant: Master manager not found
Dec 08 12:44:26.506 INFO: ManagerServant: Master manager not found
Dec 08 12:44:36.535 INFO: ManagerServant: Master manager not found
Dec 08 12:44:46.566 INFO: ManagerServant: Master manager not found
Dec 08 12:44:56.597 INFO: ManagerServant: Master manager not found
Dec 08 12:45:06.625 INFO: ManagerServant: Master manager not found
Dec 08 12:45:16.667 INFO: ManagerServant: Master manager not found
Dec 08 12:45:26.692 INFO: ManagerServant: Master manager not found
Dec 08 12:45:36.721 INFO: ManagerServant: Master manager not found
Dec 08 12:45:46.750 INFO: ManagerServant: Master manager not found
Dec 08 12:45:56.783 INFO: ManagerServant: Master manager not found
Dec 08 12:46:06.815 INFO: ManagerServant: Master manager not found
Dec 08 12:46:16.839 INFO: ManagerServant: Master manager not found
Dec 08 12:46:26.875 INFO: ManagerServant: Master manager not found
Dec 08 12:46:36.911 INFO: ManagerServant: Master manager not found
Dec 08 12:46:46.947 INFO: ManagerServant: Master manager not found
Dec 08 12:46:56.983 INFO: ManagerServant: Master manager not found
Dec 08 12:47:07.018 INFO: ManagerServant: Master manager not found
Dec 08 12:47:17.050 INFO: ManagerServant: Master manager not found
Dec 08 12:47:27.085 INFO: ManagerServant: Master manager not found
Dec 08 12:47:37.118 INFO: ManagerServant: Master manager not found
Dec 08 12:47:47.140 INFO: ManagerServant: Master manager not found
Dec 08 12:47:57.164 INFO: ManagerServant: Master manager not found
Dec 08 12:48:07.186 INFO: ManagerServant: Master manager not found
Dec 08 12:48:17.212 INFO: ManagerServant: Master manager not found
Dec 08 12:48:27.238 INFO: ManagerServant: Master manager not found
Dec 08 12:48:37.259 INFO: ManagerServant: Master manager not found
Dec 08 12:48:47.291 INFO: ManagerServant: Master manager not found
Dec 08 12:48:57.318 INFO: ManagerServant: Master manager not found
Dec 08 12:49:07.348 INFO: ManagerServant: Master manager not found
Dec 08 12:49:17.377 INFO: ManagerServant: Master manager not found
Dec 08 12:49:27.407 INFO: ManagerServant: Master manager not found
Dec 08 12:49:37.444 INFO: ManagerServant: Master manager not found
Dec 08 12:49:47.480 INFO: ManagerServant: Master manager not found
Dec 08 12:49:57.515 INFO: ManagerServant: Master manager not found
Dec 08 12:50:07.548 INFO: ManagerServant: Master manager not found
Dec 08 12:50:17.571 INFO: ManagerServant: Master manager not found
Dec 08 12:50:27.592 INFO: ManagerServant: Master manager not found
Dec 08 12:50:37.624 INFO: ManagerServant: Master manager not found
Dec 08 12:50:47.653 INFO: ManagerServant: Master manager not found
Dec 08 12:50:57.675 INFO: ManagerServant: Master manager not found
Dec 08 12:51:07.709 INFO: ManagerServant: Master manager not found
Dec 08 12:51:17.742 INFO: ManagerServant: Master manager not found
Dec 08 12:51:27.781 INFO: ManagerServant: Master manager not found
Dec 08 12:51:37.812 INFO: ManagerServant: Master manager not found
Dec 08 12:51:47.844 INFO: ManagerServant: Master manager not found
Dec 08 12:51:57.868 INFO: ManagerServant: Master manager not found
Dec 08 12:52:07.896 INFO: ManagerServant: Master manager not found
Dec 08 12:52:17.921 INFO: ManagerServant: Master manager not found
Dec 08 12:52:27.955 INFO: ManagerServant: Master manager not found
Dec 08 12:52:37.992 INFO: ManagerServant: Master manager not found
Dec 08 12:52:48.018 INFO: ManagerServant: Master manager not found
Dec 08 12:52:58.042 INFO: ManagerServant: Master manager not found
Dec 08 12:53:08.075 INFO: ManagerServant: Master manager not found
Dec 08 12:53:18.112 INFO: ManagerServant: Master manager not found
Dec 08 12:53:28.150 INFO: ManagerServant: Master manager not found
Dec 08 12:53:38.179 INFO: ManagerServant: Master manager not found
Dec 08 12:53:48.209 INFO: ManagerServant: Master manager not found
Dec 08 12:53:58.235 INFO: ManagerServant: Master manager not found
Dec 08 12:54:08.261 INFO: ManagerServant: Master manager not found
Dec 08 12:54:18.291 INFO: ManagerServant: Master manager not found
Dec 08 12:54:28.320 INFO: ManagerServant: Master manager not found
Dec 08 12:54:38.345 INFO: ManagerServant: Master manager not found
Dec 08 12:54:48.372 INFO: ManagerServant: Master manager not found
Dec 08 12:54:58.399 INFO: ManagerServant: Master manager not found
Dec 08 12:55:08.433 INFO: ManagerServant: Master manager not found
Dec 08 12:55:18.461 INFO: ManagerServant: Master manager not found
Dec 08 12:55:28.493 INFO: ManagerServant: Master manager not found
Dec 08 12:55:38.523 INFO: ManagerServant: Master manager not found
Dec 08 12:55:48.551 INFO: ManagerServant: Master manager not found
Dec 08 12:55:58.579 INFO: ManagerServant: Master manager not found
Dec 08 12:56:08.613 INFO: ManagerServant: Master manager not found
Dec 08 12:56:18.645 INFO: ManagerServant: Master manager not found
Dec 08 12:56:28.674 INFO: ManagerServant: Master manager not found
Dec 08 12:56:38.712 INFO: ManagerServant: Master manager not found
Dec 08 12:56:48.749 INFO: ManagerServant: Master manager not found
Dec 08 12:56:58.779 INFO: ManagerServant: Master manager not found
Dec 08 12:57:08.800 INFO: ManagerServant: Master manager not found
Dec 08 12:57:18.832 INFO: ManagerServant: Master manager not found
Dec 08 12:57:28.873 INFO: ManagerServant: Master manager not found
Dec 08 12:57:38.909 INFO: ManagerServant: Master manager not found
Dec 08 12:57:48.935 INFO: ManagerServant: Master manager not found
Dec 08 12:57:58.973 INFO: ManagerServant: Master manager not found
Dec 08 12:58:09.000 INFO: ManagerServant: Master manager not found
Dec 08 12:58:19.027 INFO: ManagerServant: Master manager not found
Dec 08 12:58:29.055 INFO: ManagerServant: Master manager not found
Dec 08 12:58:39.085 INFO: ManagerServant: Master manager not found
Dec 08 12:58:49.117 INFO: ManagerServant: Master manager not found
Dec 08 12:58:59.143 INFO: ManagerServant: Master manager not found
Dec 08 12:59:09.171 INFO: ManagerServant: Master manager not found
Dec 08 12:59:19.195 INFO: ManagerServant: Master manager not found
Dec 08 12:59:29.220 INFO: ManagerServant: Master manager not found
Dec 08 12:59:39.249 INFO: ManagerServant: Master manager not found
Dec 08 12:59:49.281 INFO: ManagerServant: Master manager not found
Dec 08 12:59:59.308 INFO: ManagerServant: Master manager not found
Dec 08 13:00:09.328 INFO: ManagerServant: Master manager not found
Dec 08 13:00:19.358 INFO: ManagerServant: Master manager not found
Dec 08 13:00:29.383 INFO: ManagerServant: Master manager not found
Dec 08 13:00:39.405 INFO: ManagerServant: Master manager not found
Dec 08 13:00:49.430 INFO: ManagerServant: Master manager not found
Dec 08 13:00:59.454 INFO: ManagerServant: Master manager not found
Dec 08 13:01:09.480 INFO: ManagerServant: Master manager not found
Dec 08 13:01:19.502 INFO: ManagerServant: Master manager not found
Dec 08 13:01:29.525 INFO: ManagerServant: Master manager not found
Dec 08 13:01:39.550 INFO: ManagerServant: Master manager not found
Dec 08 13:01:49.577 INFO: ManagerServant: Master manager not found
Dec 08 13:01:59.605 INFO: ManagerServant: Master manager not found
Dec 08 13:02:09.639 INFO: ManagerServant: Master manager not found
Dec 08 13:02:19.682 INFO: ManagerServant: Master manager not found
Dec 08 13:02:29.712 INFO: ManagerServant: Master manager not found
Dec 08 13:02:39.740 INFO: ManagerServant: Master manager not found
Dec 08 13:02:49.765 INFO: ManagerServant: Master manager not found
Dec 08 13:02:59.789 INFO: ManagerServant: Master manager not found
Dec 08 13:03:09.808 INFO: ManagerServant: Master manager not found
Dec 08 13:03:19.841 INFO: ManagerServant: Master manager not found
Dec 08 13:03:29.866 INFO: ManagerServant: Master manager not found
Dec 08 13:03:39.894 INFO: ManagerServant: Master manager not found
Dec 08 13:03:49.925 INFO: ManagerServant: Master manager not found
Dec 08 13:03:59.961 INFO: ManagerServant: Master manager not found
Dec 08 13:04:09.996 INFO: ManagerServant: Master manager not found
Dec 08 13:04:20.030 INFO: ManagerServant: Master manager not found
Dec 08 13:04:30.062 INFO: ManagerServant: Master manager not found
Dec 08 13:04:40.085 INFO: ManagerServant: Master manager not found
Dec 08 13:04:50.105 INFO: ManagerServant: Master manager not found
Dec 08 13:05:00.130 INFO: ManagerServant: Master manager not found
Dec 08 13:05:10.153 INFO: ManagerServant: Master manager not found
Dec 08 13:05:20.177 INFO: ManagerServant: Master manager not found
Dec 08 13:05:30.207 INFO: ManagerServant: Master manager not found
Dec 08 13:05:40.233 INFO: ManagerServant: Master manager not found
Dec 08 13:05:50.255 INFO: ManagerServant: Master manager not found
Dec 08 13:06:00.274 INFO: ManagerServant: Master manager not found
Dec 08 13:06:10.298 INFO: ManagerServant: Master manager not found
Dec 08 13:06:20.326 INFO: ManagerServant: Master manager not found
Dec 08 13:06:30.351 INFO: ManagerServant: Master manager not found
Dec 08 13:06:40.380 INFO: ManagerServant: Master manager not found
Dec 08 13:06:50.409 INFO: ManagerServant: Master manager not found
Dec 08 13:07:00.433 INFO: ManagerServant: Master manager not found
Dec 08 13:07:10.463 INFO: ManagerServant: Master manager not found
Dec 08 13:07:20.498 INFO: ManagerServant: Master manager not found
Dec 08 13:07:30.530 INFO: ManagerServant: Master manager not found
Dec 08 13:07:40.557 INFO: ManagerServant: Master manager not found
Dec 08 13:07:50.586 INFO: ManagerServant: Master manager not found
Dec 08 13:08:00.619 INFO: ManagerServant: Master manager not found
Dec 08 13:08:10.650 INFO: ManagerServant: Master manager not found
Dec 08 13:08:20.680 INFO: ManagerServant: Master manager not found
Dec 08 13:08:30.703 INFO: ManagerServant: Master manager not found
Dec 08 13:08:40.724 INFO: ManagerServant: Master manager not found
Dec 08 13:08:50.758 INFO: ManagerServant: Master manager not found
Dec 08 13:09:00.794 INFO: ManagerServant: Master manager not found
Dec 08 13:09:10.826 INFO: ManagerServant: Master manager not found
Dec 08 13:09:20.860 INFO: ManagerServant: Master manager not found
Dec 08 13:09:30.895 INFO: ManagerServant: Master manager not found
Dec 08 13:09:40.928 INFO: ManagerServant: Master manager not found
Dec 08 13:09:50.953 INFO: ManagerServant: Master manager not found
Dec 08 13:10:00.980 INFO: ManagerServant: Master manager not found
Dec 08 13:10:11.011 INFO: ManagerServant: Master manager not found
Dec 08 13:10:21.038 INFO: ManagerServant: Master manager not found
Dec 08 13:10:31.063 INFO: ManagerServant: Master manager not found
Dec 08 13:10:41.086 INFO: ManagerServant: Master manager not found
Dec 08 13:10:51.122 INFO: ManagerServant: Master manager not found
Dec 08 13:11:01.155 INFO: ManagerServant: Master manager not found
